<?xml version="1.0" encoding="UTF-8" standalone="yes"?><w:t xmlns:w="http://schemas.openxmlformats.org/wordprocessingml/2006/main">Curriculum vitae van Pietje Puk</w:t>