<?xml version="1.0" ?><root xmlns="https://ns.bransom.nl/valori/cv/v20201022.xsd"><account id="14bfa6bb-1487-3e45-bba0-28a21ed38046"><name>Pietje Puk</name><dateOfBirth>1965-09-06</dateOfBirth></account><role id="517d43ec-b668-d33d-815b-11367b3edc9a"><accountId>14bfa6bb-1487-3e45-bba0-28a21ed38046</accountId><name>ADMIN</name></role><role id="3e45-bba0-14bfa6bb-1487-28a21ed38046"><accountId>14bfa6bb-1487-3e45-bba0-28a21ed38046</accountId><name>CONSULTANT</name></role><cv id="43ec517d-68b6-3dd3-815b-3edc9a11367b"><accountId>14bfa6bb-1487-3e45-bba0-28a21ed38046</accountId><workingSince>1991</workingSince><role><nl_NL><![CDATA[manager]]></nl_NL></role><profile><nl_NL><![CDATA[Bla bla bla. x <= 0, maar zeker ook y = "0".

	Hierboven staat een lege regel.]]></nl_NL></profile><interests><nl_NL><![CDATA[Reactive programming, quantum computing, machine learning
Hobby's: mountainbiken, volleybal, motorrijden, skeeleren]]></nl_NL></interests></cv></root>